Running: E:\Xilinx\14.7\ISE_DS\ISE\bin\nt64\unwrapped\fuse.exe -intstyle ise -incremental -lib secureip -o E:/D DRIVE/mscv_sem3/RTIC/project/vhdl/project_filter2D_GopikrishnaERABATI_Avinash/Filter2D/readWriteCache_tb_isim_beh.exe -prj E:/D DRIVE/mscv_sem3/RTIC/project/vhdl/project_filter2D_GopikrishnaERABATI_Avinash/Filter2D/readWriteCache_tb_beh.prj work.readWriteCache_tb 
ISim P.20131013 (signature 0x7708f090)
Number of CPUs detected in this system: 4
Turning on mult-threading, number of parallel sub-compilation jobs: 8 
Determining compilation order of HDL files
Parsing VHDL file "E:/D DRIVE/mscv_sem3/RTIC/project/vhdl/project_filter2D_GopikrishnaERABATI_Avinash/Filter2D/ipcore_dir/FIFO_new.vhd" into library work
Parsing VHDL file "E:/D DRIVE/mscv_sem3/RTIC/project/vhdl/project_filter2D_GopikrishnaERABATI_Avinash/Filter2D/ipcore_dir/my_adder.vhd" into library work
Parsing VHDL file "E:/D DRIVE/mscv_sem3/RTIC/project/vhdl/project_filter2D_GopikrishnaERABATI_Avinash/Filter2D/ipcore_dir/my_mult.vhd" into library work
Parsing VHDL file "E:/D DRIVE/mscv_sem3/RTIC/project/vhdl/project_filter2D_GopikrishnaERABATI_Avinash/Filter2D/ipcore_dir/my_adder2.vhd" into library work
Parsing VHDL file "E:/D DRIVE/mscv_sem3/RTIC/project/vhdl/project_filter2D_GopikrishnaERABATI_Avinash/Filter2D/ipcore_dir/my_adder3.vhd" into library work
Parsing VHDL file "E:/D DRIVE/mscv_sem3/RTIC/project/vhdl/project_filter2D_GopikrishnaERABATI_Avinash/Filter2D/ipcore_dir/my_adder4.vhd" into library work
Parsing VHDL file "E:/D DRIVE/mscv_sem3/RTIC/project/vhdl/project_filter2D_GopikrishnaERABATI_Avinash/Filter2D/ipcore_dir/my_divider.vhd" into library work
Parsing VHDL file "E:/D DRIVE/mscv_sem3/RTIC/project/vhdl/project_filter2D_GopikrishnaERABATI_Avinash/Filter2D/FF_D.vhd" into library work
Parsing VHDL file "E:/D DRIVE/mscv_sem3/RTIC/project/vhdl/project_filter2D_GopikrishnaERABATI_Avinash/Filter2D/processor_sample.vhd" into library work
Parsing VHDL file "E:/D DRIVE/mscv_sem3/RTIC/project/vhdl/project_filter2D_GopikrishnaERABATI_Avinash/Filter2D/cache_sample_new.vhd" into library work
Parsing VHDL file "E:/D DRIVE/mscv_sem3/RTIC/project/vhdl/project_filter2D_GopikrishnaERABATI_Avinash/Filter2D/readWriteCache_tb.vhd" into library work
Starting static elaboration
Completed static elaboration
Compiling package standard
Compiling package std_logic_1164
Compiling package textio
Compiling package std_logic_textio
Compiling package numeric_std
Compiling architecture ff_d_beh of entity FF_D [\FF_D(8)\]
Compiling architecture ff_d_beh of entity FF_D [\FF_D(1)\]
Compiling package std_logic_arith
Compiling package std_logic_unsigned
Compiling architecture behavioral of entity fifo_generator_v9_3_bhv_ss [\fifo_generator_v9_3_bhv_ss(10,8...]
Compiling architecture behavioral of entity fifo_generator_v9_3_conv [\fifo_generator_v9_3_conv(1,0,10...]
Compiling architecture behavioral of entity fifo_generator_v9_3 [\fifo_generator_v9_3(1,0,10,"Bla...]
Compiling architecture fifo_new_a of entity FIFO_new [fifo_new_default]
Compiling architecture behavioral of entity cache_sample_new [cache_sample_new_default]
Compiling package vcomponents
Compiling package vital_timing
Compiling package vital_primitives
Compiling package vpkg
Compiling package std_logic_signed
Compiling package bip_utils_pkg_v2_0
Compiling package mult_gen_pkg_v11_2
Compiling architecture behavioral of entity mult_gen_v11_2 [\mult_gen_v11_2(0,0,"artix7",4,0...]
Compiling architecture my_mult_a of entity my_mult [my_mult_default]
Compiling package xbip_addsub_v2_0_comp
Compiling package bip_usecase_utils_pkg_v2_0
Compiling package c_addsub_pkg_v11_0
Compiling package xbip_pipe_v2_0_xst_comp
Compiling package c_reg_fd_v11_0_comp
Compiling architecture behavioral of entity c_reg_fd_v11_0 [\c_reg_fd_v11_0(13,"0","0",1,0,0...]
Compiling architecture behavioral of entity c_addsub_v11_0_legacy [\c_addsub_v11_0_legacy(12,12,13,...]
Compiling architecture behavioral of entity c_addsub_v11_0 [\c_addsub_v11_0(0,"artix7",0,12,...]
Compiling architecture my_adder_a of entity my_adder [my_adder_default]
Compiling architecture behavioral of entity c_reg_fd_v11_0 [\c_reg_fd_v11_0(14,"0","0",1,0,0...]
Compiling architecture behavioral of entity c_addsub_v11_0_legacy [\c_addsub_v11_0_legacy(13,13,14,...]
Compiling architecture behavioral of entity c_addsub_v11_0 [\c_addsub_v11_0(0,"artix7",0,13,...]
Compiling architecture my_adder2_a of entity my_adder2 [my_adder2_default]
Compiling architecture behavioral of entity c_reg_fd_v11_0 [\c_reg_fd_v11_0(15,"0","0",1,0,0...]
Compiling architecture behavioral of entity c_addsub_v11_0_legacy [\c_addsub_v11_0_legacy(14,14,15,...]
Compiling architecture behavioral of entity c_addsub_v11_0 [\c_addsub_v11_0(0,"artix7",0,14,...]
Compiling architecture my_adder3_a of entity my_adder3 [my_adder3_default]
Compiling architecture ff_d_beh of entity FF_D [\FF_D(12)\]
Compiling architecture behavioral of entity c_reg_fd_v11_0 [\c_reg_fd_v11_0(16,"0","0",1,0,0...]
Compiling architecture behavioral of entity c_addsub_v11_0_legacy [\c_addsub_v11_0_legacy(15,15,16,...]
Compiling architecture behavioral of entity c_addsub_v11_0 [\c_addsub_v11_0(0,"artix7",0,15,...]
Compiling architecture my_adder4_a of entity my_adder4 [my_adder4_default]
Compiling architecture vcc_v of entity VCC [vcc_default]
Compiling architecture gnd_v of entity GND [gnd_default]
Compiling architecture srlc16e_v of entity SRLC16E [\SRLC16E("0000000000000000")(0,1...]
Compiling architecture fde_v of entity FDE [\FDE('0')\]
Compiling architecture inv_v of entity INV [inv_default]
Compiling architecture lut1_v of entity LUT1 [\LUT1("0010")(0,3)\]
Compiling architecture lut3_v of entity LUT3 [\LUT3("10010110")(0,7)\]
Compiling architecture lut6_v of entity LUT6 [\LUT6("0110011001100110011001100...]
Compiling architecture lut2_v of entity LUT2 [\LUT2("1110")(0,3)\]
Compiling architecture lut5_v of entity LUT5 [\LUT5("0110011001100110011001100...]
Compiling architecture lut4_v of entity LUT4 [\LUT4("0110011001101100")(0,15)\]
Compiling architecture fd_v of entity FD [\FD('0')\]
Compiling architecture muxcy_v of entity MUXCY [muxcy_default]
Compiling architecture xorcy_v of entity XORCY [xorcy_default]
Compiling architecture mult_and_v of entity MULT_AND [mult_and_default]
Compiling architecture structure of entity my_divider [my_divider_default]
Compiling architecture behavioral of entity processor_sample [processor_sample_default]
Compiling architecture behavior of entity readwritecache_tb
Time Resolution for simulation is 1ps.
Compiled 124 VHDL Units
Built simulation executable E:/D DRIVE/mscv_sem3/RTIC/project/vhdl/project_filter2D_GopikrishnaERABATI_Avinash/Filter2D/readWriteCache_tb_isim_beh.exe
Fuse Memory Usage: 71028 KB
Fuse CPU Usage: 3977 ms
